2023-12-08 05:12:26,530 - Master Device: 2 | Duration: 1 seconds
2023-12-08 05:12:26,531 - Raw Data: [' 0,1,28,62,PR,234 ', ' 1,0,28,12,PR,147 ', ' 2,0,28,1,PR,47 ', ' 3,0,28,5,PR,155 ', ' 4,1,28,50,PR,139 ', ' 5,0,28,4,PR,159 ']
2023-12-08 05:12:26,858 - Master Device: 1 | Duration: 1 seconds
2023-12-08 05:12:26,858 - Raw Data: [' 0,1,28,67,PR,147 ', ' 1,0,28,2,PR,47 ', ' 2,0,28,28,PR,234 ', ' 3,0,28,5,PR,155 ', ' 4,1,28,50,PR,139 ', ' 5,0,28,4,PR,159 ']
2023-12-08 05:12:26,861 - Master Device: 2 | Duration: 2 seconds
2023-12-08 05:12:26,861 - Raw Data: [' 0,1,28,151,PR,234 ', ' 1,0,28,12,PR,147 ', ' 2,0,28,2,PR,47 ', ' 3,0,28,5,PR,155 ', ' 4,1,28,50,PR,139 ', ' 5,0,28,4,PR,159 ']
2023-12-08 05:12:27,207 - Master Device: 2 | Duration: 3 seconds
2023-12-08 05:12:27,207 - Raw Data: [' 0,1,28,97,PR,234 ', ' 1,0,28,12,PR,147 ', ' 2,0,28,1,PR,47 ', ' 3,0,28,5,PR,155 ', ' 4,1,28,50,PR,139 ', ' 5,0,28,4,PR,159 ']
2023-12-08 05:12:27,522 - Master Device: 2 | Duration: 4 seconds
2023-12-08 05:12:27,523 - Raw Data: [' 0,1,28,69,PR,234 ', ' 1,0,28,12,PR,147 ', ' 2,0,28,1,PR,47 ', ' 3,0,28,6,PR,155 ', ' 4,1,28,50,PR,139 ', ' 5,0,28,4,PR,159 ']
2023-12-08 05:12:27,856 - Master Device: 2 | Duration: 5 seconds
2023-12-08 05:12:27,857 - Raw Data: [' 0,1,28,77,PR,234 ', ' 1,0,28,12,PR,147 ', ' 2,0,28,8,PR,47 ', ' 3,0,28,6,PR,155 ', ' 4,1,28,50,PR,139 ', ' 5,0,28,4,PR,159 ']
2023-12-08 05:12:28,189 - Master Device: 2 | Duration: 6 seconds
2023-12-08 05:12:28,189 - Raw Data: [' 0,1,28,102,PR,234 ', ' 1,0,28,12,PR,147 ', ' 2,0,28,34,PR,47 ', ' 3,0,28,6,PR,155 ', ' 4,1,28,50,PR,139 ', ' 5,0,28,4,PR,159 ']
2023-12-08 05:12:28,517 - Master Device: 2 | Duration: 7 seconds
2023-12-08 05:12:28,517 - Raw Data: [' 0,1,28,288,PR,234 ', ' 1,0,28,12,PR,147 ', ' 2,0,28,34,PR,47 ', ' 3,0,28,21,PR,155 ', ' 4,1,28,50,PR,139 ', ' 5,0,28,4,PR,159 ']
2023-12-08 05:12:28,540 - Master Device: 2 | Duration: 8 seconds
2023-12-08 05:12:28,540 - Raw Data: [' 0,1,28,104,PR,47 ', ' 1,0,28,22,PR,147 ', ' 2,0,28,27,PR,234 ', ' 3,0,28,21,PR,155 ', ' 4,1,28,51,PR,139 ', ' 5,0,28,5,PR,159 ']
2023-12-08 05:12:28,770 - Master Device: 2 | Duration: 9 seconds
2023-12-08 05:12:28,770 - Raw Data: [' 0,1,28,341,PR,47 ', ' 1,0,28,22,PR,147 ', ' 2,0,28,27,PR,234 ', ' 3,0,28,9,PR,155 ', ' 4,1,28,51,PR,139 ', ' 5,0,28,5,PR,159 ']
2023-12-08 05:12:28,853 - Master Device: 2 | Duration: 10 seconds
2023-12-08 05:12:28,853 - Raw Data: [' 0,1,28,182,PR,234 ', ' 1,0,28,12,PR,147 ', ' 2,0,28,7,PR,47 ', ' 3,0,28,21,PR,155 ', ' 4,1,28,50,PR,139 ', ' 5,0,28,4,PR,159 ']
2023-12-08 05:12:29,107 - Master Device: 2 | Duration: 11 seconds
2023-12-08 05:12:29,107 - Raw Data: [' 0,1,28,488,PR,47 ', ' 1,0,28,22,PR,147 ', ' 2,0,28,27,PR,234 ', ' 3,0,28,9,PR,155 ', ' 4,1,28,46,PR,139 ', ' 5,0,28,5,PR,159 ']
2023-12-08 05:12:29,199 - Master Device: 2 | Duration: 12 seconds
2023-12-08 05:12:29,199 - Raw Data: [' 0,1,28,218,PR,234 ', ' 1,0,28,12,PR,147 ', ' 2,0,28,7,PR,47 ', ' 3,0,28,21,PR,155 ', ' 4,1,28,46,PR,139 ', ' 5,0,28,4,PR,159 ']
2023-12-08 05:12:29,439 - Master Device: 2 | Duration: 13 seconds
2023-12-08 05:12:29,440 - Raw Data: [' 0,1,28,477,PR,47 ', ' 1,0,28,28,PR,147 ', ' 2,0,28,27,PR,234 ', ' 3,0,28,9,PR,155 ', ' 4,1,28,46,PR,139 ', ' 5,0,28,5,PR,159 ']
2023-12-08 05:12:29,521 - Master Device: 2 | Duration: 14 seconds
2023-12-08 05:12:29,521 - Raw Data: [' 0,1,28,169,PR,234 ', ' 1,0,28,12,PR,147 ', ' 2,0,28,7,PR,47 ', ' 3,0,28,21,PR,155 ', ' 4,1,28,46,PR,139 ', ' 5,0,28,4,PR,159 ']
2023-12-08 05:12:29,773 - Master Device: 2 | Duration: 15 seconds
2023-12-08 05:12:29,773 - Raw Data: [' 0,1,28,484,PR,47 ', ' 1,0,28,28,PR,147 ', ' 2,0,28,27,PR,234 ', ' 3,0,28,9,PR,155 ', ' 4,1,28,52,PR,139 ', ' 5,0,28,5,PR,159 ']
2023-12-08 05:12:29,850 - Master Device: 2 | Duration: 16 seconds
2023-12-08 05:12:29,850 - Raw Data: [' 0,1,28,220,PR,234 ', ' 1,0,28,12,PR,147 ', ' 2,0,28,7,PR,47 ', ' 3,0,28,21,PR,155 ', ' 4,1,28,52,PR,139 ', ' 5,0,28,4,PR,159 ']
2023-12-08 05:12:30,111 - Master Device: 2 | Duration: 17 seconds
2023-12-08 05:12:30,111 - Raw Data: [' 0,1,28,429,PR,47 ', ' 1,0,28,28,PR,147 ', ' 2,0,28,27,PR,234 ', ' 3,0,28,44,PR,155 ', ' 4,1,28,52,PR,139 ', ' 5,0,28,5,PR,159 ']
2023-12-08 05:12:30,441 - Master Device: 2 | Duration: 18 seconds
2023-12-08 05:12:30,441 - Raw Data: [' 0,1,28,375,PR,47 ', ' 1,0,28,28,PR,147 ', ' 2,1,28,182,PR,234 ', ' 3,0,28,44,PR,155 ', ' 4,1,28,52,PR,139 ', ' 5,0,28,5,PR,159 ']
2023-12-08 05:12:30,886 - Master Device: 2 | Duration: 19 seconds
2023-12-08 05:12:30,886 - Raw Data: [' 0,1,28,937,PR,234 ', ' 1,0,28,12,PR,147 ', ' 2,1,28,477,PR,47 ', ' 3,0,28,21,PR,155 ', ' 4,1,28,52,PR,139 ', ' 5,0,28,4,PR,159 ']
2023-12-08 05:12:31,202 - Master Device: 2 | Duration: 20 seconds
2023-12-08 05:12:31,202 - Raw Data: [' 0,1,28,992,PR,234 ', ' 1,0,28,12,PR,147 ', ' 2,1,28,429,PR,47 ', ' 3,0,28,21,PR,155 ', ' 4,1,28,52,PR,139 ', ' 5,0,28,4,PR,159 ']
2023-12-08 05:12:31,525 - Master Device: 2 | Duration: 21 seconds
2023-12-08 05:12:31,525 - Raw Data: [' 0,1,28,874,PR,234 ', ' 1,0,28,12,PR,147 ', ' 2,1,28,429,PR,47 ', ' 3,0,28,32,PR,155 ', ' 4,1,28,52,PR,139 ', ' 5,0,28,4,PR,159 ']
2023-12-08 05:12:31,848 - Master Device: 2 | Duration: 22 seconds
2023-12-08 05:12:31,848 - Raw Data: [' 0,1,28,627,PR,234 ', ' 1,0,28,12,PR,147 ', ' 2,1,28,375,PR,47 ', ' 3,0,28,32,PR,155 ', ' 4,1,28,52,PR,139 ', ' 5,0,28,4,PR,159 ']
2023-12-08 05:12:32,175 - Master Device: 2 | Duration: 23 seconds
2023-12-08 05:12:32,175 - Raw Data: [' 0,1,28,740,PR,234 ', ' 1,0,28,12,PR,147 ', ' 2,1,28,375,PR,47 ', ' 3,0,28,32,PR,155 ', ' 4,1,28,50,PR,139 ', ' 5,0,28,4,PR,159 ']
2023-12-08 05:12:32,515 - Master Device: 2 | Duration: 24 seconds
2023-12-08 05:12:32,515 - Raw Data: [' 0,1,28,784,PR,234 ', ' 1,0,28,12,PR,147 ', ' 2,1,28,375,PR,47 ', ' 3,0,28,32,PR,155 ', ' 4,1,28,50,PR,139 ', ' 5,0,28,5,PR,159 ']
2023-12-08 05:12:32,865 - Master Device: 2 | Duration: 25 seconds
2023-12-08 05:12:32,865 - Raw Data: [' 0,1,28,778,PR,234 ', ' 1,0,28,12,PR,147 ', ' 2,0,28,3,PR,47 ', ' 3,0,28,32,PR,155 ', ' 4,1,28,50,PR,139 ', ' 5,0,28,5,PR,159 ']
2023-12-08 05:12:33,177 - Master Device: 2 | Duration: 26 seconds
2023-12-08 05:12:33,177 - Raw Data: [' 0,1,28,952,PR,234 ', ' 1,0,28,12,PR,147 ', ' 2,0,28,2,PR,47 ', ' 3,0,28,32,PR,155 ', ' 4,1,28,50,PR,139 ', ' 5,0,28,5,PR,159 ']
2023-12-08 05:12:33,505 - Master Device: 2 | Duration: 27 seconds
2023-12-08 05:12:33,506 - Raw Data: [' 0,1,28,919,PR,234 ', ' 1,0,28,12,PR,147 ', ' 2,0,28,2,PR,47 ', ' 3,0,28,32,PR,155 ', ' 4,0,28,49,PR,139 ', ' 5,0,28,5,PR,159 ']
2023-12-08 05:12:33,840 - Master Device: 2 | Duration: 28 seconds
2023-12-08 05:12:33,841 - Raw Data: [' 0,1,28,852,PR,234 ', ' 1,0,28,12,PR,147 ', ' 2,0,28,2,PR,47 ', ' 3,0,28,32,PR,155 ', ' 4,0,28,49,PR,139 ', ' 5,0,28,5,PR,159 ']
2023-12-08 05:12:34,179 - Master Device: 2 | Duration: 29 seconds
2023-12-08 05:12:34,180 - Raw Data: [' 0,1,28,662,PR,234 ', ' 1,0,28,12,PR,147 ', ' 2,0,28,2,PR,47 ', ' 3,0,28,32,PR,155 ', ' 4,0,28,49,PR,139 ', ' 5,0,28,5,PR,159 ']
2023-12-08 05:12:34,519 - Master Device: 2 | Duration: 30 seconds
2023-12-08 05:12:34,519 - Raw Data: [' 0,1,28,624,PR,234 ', ' 1,0,28,12,PR,147 ', ' 2,0,28,2,PR,47 ', ' 3,0,28,32,PR,155 ', ' 4,0,28,49,PR,139 ', ' 5,0,28,5,PR,159 ']
2023-12-08 05:12:34,846 - Master Device: 2 | Duration: 31 seconds
2023-12-08 05:12:34,846 - Raw Data: [' 0,1,28,622,PR,234 ', ' 1,0,28,12,PR,147 ', ' 2,0,28,2,PR,47 ', ' 3,0,28,32,PR,155 ', ' 4,0,28,49,PR,139 ', ' 5,0,28,5,PR,159 ']
2023-12-08 05:12:35,174 - Master Device: 2 | Duration: 32 seconds
2023-12-08 05:12:35,174 - Raw Data: [' 0,1,28,198,PR,234 ', ' 1,0,28,12,PR,147 ', ' 2,0,28,3,PR,47 ', ' 3,0,28,32,PR,155 ', ' 4,0,28,49,PR,139 ', ' 5,0,28,5,PR,159 ']
2023-12-08 05:12:35,500 - Master Device: 2 | Duration: 33 seconds
2023-12-08 05:12:35,500 - Raw Data: [' 0,1,28,55,PR,234 ', ' 1,0,28,12,PR,147 ', ' 2,0,28,2,PR,47 ', ' 3,0,28,32,PR,155 ', ' 4,0,28,49,PR,139 ', ' 5,0,28,5,PR,159 ']
2023-12-08 05:12:35,845 - Master Device: 2 | Duration: 34 seconds
2023-12-08 05:12:35,845 - Raw Data: [' 0,1,28,50,PR,234 ', ' 1,0,28,12,PR,147 ', ' 2,0,28,2,PR,47 ', ' 3,0,28,32,PR,155 ', ' 4,0,28,49,PR,139 ', ' 5,0,28,5,PR,159 ']
2023-12-08 05:12:38,436 - Master Device: 1 | Duration: 2 seconds
2023-12-08 05:12:38,436 - Raw Data: [' 0,1,28,970,PR,147 ', ' 1,0,28,2,PR,47 ', ' 2,0,28,42,PR,234 ', ' 3,0,28,7,PR,155 ', ' 4,0,28,50,PR,139 ', ' 5,0,28,5,PR,159 ']
2023-12-08 05:12:38,774 - Master Device: 1 | Duration: 3 seconds
2023-12-08 05:12:38,774 - Raw Data: [' 0,1,28,970,PR,147 ', ' 1,0,28,2,PR,47 ', ' 2,0,28,39,PR,234 ', ' 3,0,28,7,PR,155 ', ' 4,0,28,50,PR,139 ', ' 5,0,28,5,PR,159 ']
2023-12-08 05:12:39,100 - Master Device: 1 | Duration: 4 seconds
2023-12-08 05:12:39,100 - Raw Data: [' 0,1,28,966,PR,147 ', ' 1,0,28,2,PR,47 ', ' 2,0,28,39,PR,234 ', ' 3,0,28,7,PR,155 ', ' 4,0,28,50,PR,139 ', ' 5,0,28,5,PR,159 ']
2023-12-08 05:12:39,433 - Master Device: 1 | Duration: 5 seconds
2023-12-08 05:12:39,434 - Raw Data: [' 0,1,28,944,PR,147 ', ' 1,0,28,2,PR,47 ', ' 2,0,28,39,PR,234 ', ' 3,0,28,7,PR,155 ', ' 4,0,28,53,PR,139 ', ' 5,0,28,5,PR,159 ']
2023-12-08 05:12:39,768 - Master Device: 1 | Duration: 6 seconds
2023-12-08 05:12:39,769 - Raw Data: [' 0,1,28,914,PR,147 ', ' 1,0,28,2,PR,47 ', ' 2,0,28,39,PR,234 ', ' 3,0,28,7,PR,155 ', ' 4,0,28,53,PR,139 ', ' 5,0,28,5,PR,159 ']
2023-12-08 05:12:40,118 - Master Device: 1 | Duration: 7 seconds
2023-12-08 05:12:40,118 - Raw Data: [' 0,1,28,895,PR,147 ', ' 1,0,28,2,PR,47 ', ' 2,0,28,45,PR,234 ', ' 3,0,28,7,PR,155 ', ' 4,0,28,53,PR,139 ', ' 5,0,28,5,PR,159 ']
2023-12-08 05:12:40,438 - Master Device: 1 | Duration: 8 seconds
2023-12-08 05:12:40,438 - Raw Data: [' 0,1,28,113,PR,147 ', ' 1,0,28,2,PR,47 ', ' 2,0,28,45,PR,234 ', ' 3,0,28,7,PR,155 ', ' 4,0,28,53,PR,139 ', ' 5,0,28,5,PR,159 ']
2023-12-08 05:12:40,750 - Master Device: 2 | Duration: 35 seconds
2023-12-08 05:12:40,750 - Raw Data: [' 0,1,28,450,PR,155 ', ' 1,0,28,2,PR,47 ', ' 2,0,28,45,PR,234 ', ' 3,0,28,64,PR,147 ', ' 4,0,28,45,PR,139 ', ' 5,0,28,5,PR,159 ']
2023-12-08 05:12:41,083 - Master Device: 2 | Duration: 36 seconds
2023-12-08 05:12:41,083 - Raw Data: [' 0,1,28,451,PR,155 ', ' 1,0,28,1,PR,47 ', ' 2,0,28,45,PR,234 ', ' 3,0,28,64,PR,147 ', ' 4,0,28,45,PR,139 ', ' 5,0,28,5,PR,159 ']
2023-12-08 05:12:41,417 - Master Device: 2 | Duration: 37 seconds
2023-12-08 05:12:41,417 - Raw Data: [' 0,1,28,456,PR,155 ', ' 1,0,28,1,PR,47 ', ' 2,0,28,41,PR,234 ', ' 3,0,28,64,PR,147 ', ' 4,0,28,45,PR,139 ', ' 5,0,28,5,PR,159 ']
2023-12-08 05:12:41,747 - Master Device: 2 | Duration: 38 seconds
2023-12-08 05:12:41,747 - Raw Data: [' 0,1,28,462,PR,155 ', ' 1,0,28,7,PR,47 ', ' 2,0,28,41,PR,234 ', ' 3,0,28,64,PR,147 ', ' 4,0,28,45,PR,139 ', ' 5,0,28,5,PR,159 ']
2023-12-08 05:12:42,082 - Master Device: 2 | Duration: 39 seconds
2023-12-08 05:12:42,082 - Raw Data: [' 0,1,28,313,PR,155 ', ' 1,0,28,7,PR,47 ', ' 2,0,28,41,PR,234 ', ' 3,0,28,64,PR,147 ', ' 4,0,28,45,PR,139 ', ' 5,0,28,5,PR,159 ']
2023-12-08 05:12:42,414 - Master Device: 2 | Duration: 40 seconds
2023-12-08 05:12:42,414 - Raw Data: [' 0,1,28,268,PR,155 ', ' 1,0,28,7,PR,47 ', ' 2,0,28,41,PR,234 ', ' 3,0,28,64,PR,147 ', ' 4,0,28,45,PR,139 ', ' 5,0,28,5,PR,159 ']
2023-12-08 05:12:42,761 - Master Device: 2 | Duration: 41 seconds
2023-12-08 05:12:42,761 - Raw Data: [' 0,1,28,449,PR,155 ', ' 1,0,28,7,PR,47 ', ' 2,0,28,30,PR,234 ', ' 3,0,28,64,PR,147 ', ' 4,0,28,45,PR,139 ', ' 5,0,28,5,PR,159 ']
2023-12-08 05:12:43,077 - Master Device: 2 | Duration: 42 seconds
2023-12-08 05:12:43,077 - Raw Data: [' 0,1,28,461,PR,155 ', ' 1,0,28,7,PR,47 ', ' 2,0,28,30,PR,234 ', ' 3,0,28,64,PR,147 ', ' 4,1,28,52,PR,139 ', ' 5,0,28,5,PR,159 ']
2023-12-08 05:12:43,429 - Master Device: 2 | Duration: 43 seconds
2023-12-08 05:12:43,429 - Raw Data: [' 0,1,28,271,PR,155 ', ' 1,0,28,5,PR,47 ', ' 2,0,28,30,PR,234 ', ' 3,0,28,64,PR,147 ', ' 4,1,28,52,PR,139 ', ' 5,0,28,5,PR,159 ']
2023-12-08 05:12:55,984 - Master Device: 0 | Duration: 1 seconds
2023-12-08 05:12:55,984 - Raw Data: [' 0,1,28,126,PR,159 ', ' 1,0,28,1,PR,47 ', ' 2,0,28,12,PR,147 ', ' 3,1,28,60,PR,139 ', ' 4,0,28,6,PR,155 ', ' 5,0,28,27,PR,234 ']
2023-12-08 05:12:56,654 - Master Device: 0 | Duration: 2 seconds
2023-12-08 05:12:56,655 - Raw Data: [' 0,1,28,84,PR,159 ', ' 1,0,28,1,PR,47 ', ' 2,0,28,14,PR,147 ', ' 3,1,28,60,PR,139 ', ' 4,0,28,6,PR,155 ', ' 5,0,28,27,PR,234 ']
2023-12-08 05:12:56,991 - Master Device: 0 | Duration: 3 seconds
2023-12-08 05:12:56,991 - Raw Data: [' 0,1,28,88,PR,159 ', ' 1,0,28,1,PR,47 ', ' 2,0,28,14,PR,147 ', ' 3,1,28,60,PR,139 ', ' 4,0,28,6,PR,155 ', ' 5,0,28,27,PR,234 ']
2023-12-08 05:12:57,325 - Master Device: 0 | Duration: 4 seconds
2023-12-08 05:12:57,326 - Raw Data: [' 0,1,28,86,PR,159 ', ' 1,0,28,1,PR,47 ', ' 2,0,28,13,PR,147 ', ' 3,1,28,60,PR,139 ', ' 4,0,28,6,PR,155 ', ' 5,0,28,27,PR,234 ']
2023-12-08 05:12:57,653 - Master Device: 0 | Duration: 5 seconds
2023-12-08 05:12:57,653 - Raw Data: [' 0,1,28,90,PR,159 ', ' 1,0,28,1,PR,47 ', ' 2,0,28,13,PR,147 ', ' 3,1,28,61,PR,139 ', ' 4,0,28,6,PR,155 ', ' 5,0,28,27,PR,234 ']
2023-12-08 05:12:57,985 - Master Device: 0 | Duration: 6 seconds
2023-12-08 05:12:57,985 - Raw Data: [' 0,1,28,87,PR,159 ', ' 1,0,28,2,PR,47 ', ' 2,0,28,13,PR,147 ', ' 3,1,28,61,PR,139 ', ' 4,0,28,6,PR,155 ', ' 5,0,28,27,PR,234 ']
2023-12-08 05:12:58,321 - Master Device: 0 | Duration: 7 seconds
2023-12-08 05:12:58,321 - Raw Data: [' 0,1,28,61,PR,159 ', ' 1,0,28,2,PR,47 ', ' 2,0,28,13,PR,147 ', ' 3,1,28,52,PR,139 ', ' 4,0,28,6,PR,155 ', ' 5,0,28,27,PR,234 ']
2023-12-08 05:13:16,521 - Master Device: 0 | Duration: 8 seconds
2023-12-08 05:13:16,522 - Raw Data: [' 0,1,28,147,PR,159 ', ' 1,0,28,2,PR,47 ', ' 2,0,28,13,PR,147 ', ' 3,1,28,44,PR,139 ', ' 4,0,28,6,PR,155 ', ' 5,0,28,27,PR,234 ']
2023-12-08 05:13:16,842 - Master Device: 0 | Duration: 9 seconds
2023-12-08 05:13:16,842 - Raw Data: [' 0,1,28,136,PR,159 ', ' 1,0,28,1,PR,47 ', ' 2,0,28,13,PR,147 ', ' 3,1,28,44,PR,139 ', ' 4,0,28,6,PR,155 ', ' 5,0,28,27,PR,234 ']
2023-12-08 05:13:17,177 - Master Device: 0 | Duration: 10 seconds
2023-12-08 05:13:17,178 - Raw Data: [' 0,1,28,134,PR,159 ', ' 1,0,28,1,PR,47 ', ' 2,0,28,13,PR,147 ', ' 3,1,28,45,PR,139 ', ' 4,0,28,6,PR,155 ', ' 5,0,28,27,PR,234 ']
2023-12-08 05:13:17,509 - Master Device: 0 | Duration: 11 seconds
2023-12-08 05:13:17,509 - Raw Data: [' 0,1,28,120,PR,159 ', ' 1,0,28,1,PR,47 ', ' 2,0,28,13,PR,147 ', ' 3,1,28,45,PR,139 ', ' 4,0,28,6,PR,155 ', ' 5,0,28,27,PR,234 ']
2023-12-08 05:13:17,842 - Master Device: 0 | Duration: 12 seconds
2023-12-08 05:13:17,842 - Raw Data: [' 0,1,28,109,PR,159 ', ' 1,0,28,1,PR,47 ', ' 2,0,28,13,PR,147 ', ' 3,1,28,45,PR,139 ', ' 4,0,28,6,PR,155 ', ' 5,0,28,27,PR,234 ']
2023-12-08 05:13:18,182 - Master Device: 0 | Duration: 13 seconds
2023-12-08 05:13:18,182 - Raw Data: [' 0,1,28,90,PR,159 ', ' 1,0,28,1,PR,47 ', ' 2,0,28,13,PR,147 ', ' 3,1,28,45,PR,139 ', ' 4,0,28,6,PR,155 ', ' 5,0,28,27,PR,234 ']
2023-12-08 05:13:18,507 - Master Device: 0 | Duration: 14 seconds
2023-12-08 05:13:18,507 - Raw Data: [' 0,1,28,80,PR,159 ', ' 1,0,28,1,PR,47 ', ' 2,0,28,13,PR,147 ', ' 3,1,28,45,PR,139 ', ' 4,0,28,6,PR,155 ', ' 5,0,28,27,PR,234 ']
2023-12-08 05:13:18,847 - Master Device: 0 | Duration: 15 seconds
2023-12-08 05:13:18,848 - Raw Data: [' 0,1,28,65,PR,159 ', ' 1,0,28,2,PR,47 ', ' 2,0,28,13,PR,147 ', ' 3,1,28,45,PR,139 ', ' 4,0,28,6,PR,155 ', ' 5,0,28,27,PR,234 ']
2023-12-08 05:13:19,178 - Master Device: 0 | Duration: 16 seconds
2023-12-08 05:13:19,178 - Raw Data: [' 0,1,28,60,PR,159 ', ' 1,0,28,1,PR,47 ', ' 2,0,28,13,PR,147 ', ' 3,1,28,45,PR,139 ', ' 4,0,28,6,PR,155 ', ' 5,0,28,27,PR,234 ']
2023-12-08 05:13:19,507 - Master Device: 0 | Duration: 17 seconds
2023-12-08 05:13:19,507 - Raw Data: [' 0,1,28,56,PR,159 ', ' 1,0,28,2,PR,47 ', ' 2,0,28,13,PR,147 ', ' 3,1,28,45,PR,139 ', ' 4,0,28,6,PR,155 ', ' 5,0,28,27,PR,234 ']
